# JRE version: OpenJDK Runtime Environment Temurin-21.0.10+7 (21.0.10+7) (build 21.0.10+7-LTS)
# Java VM: OpenJDK 64-Bit Server VM Temurin-21.0.10+7 (21.0.10+7-LTS, mixed mode, sharing, tiered, compressed oops, compressed class ptrs, parallel gc, windows-amd64)
GC Precious Log:
 CardTable entry size: 512
 CPUs: 12 total, 12 available
 Memory: 16095M
 Large Page Support: Disabled
 NUMA Support: Disabled
 Compressed Oops: Enabled (32-bit)
 Alignments: Space 512K, Generation 512K, Heap 2M
 Heap Min Capacity: 100M
 Heap Initial Capacity: 100M
 Heap Max Capacity: 2G
 Pre-touch: Disabled
 Parallel Workers: 10
Heap:
 PSYoungGen      total 5632K, used 2017K [0x00000000d5580000, 0x00000000d5d00000, 0x0000000100000000)
  eden space 5120K, 29% used [0x00000000d5580000,0x00000000d56f8700,0x00000000d5a80000)
  from space 512K, 100% used [0x00000000d5c00000,0x00000000d5c80000,0x00000000d5c80000)
  to   space 512K, 0% used [0x00000000d5c80000,0x00000000d5c80000,0x00000000d5d00000)
 ParOldGen       total 101376K, used 75354K [0x0000000080000000, 0x0000000086300000, 0x00000000d5580000)
  object space 101376K, 74% used [0x0000000080000000,0x00000000849969d0,0x0000000086300000)
 Metaspace       used 62084K, committed 63488K, reserved 1114112K
  class space    used 6569K, committed 7104K, reserved 1048576K
GC Heap History (20 events):
Event: 1498.386 GC heap before
{Heap before GC invocations=205 (full 3):
 PSYoungGen      total 5632K, used 5280K [0x00000000d5580000, 0x00000000d5d00000, 0x0000000100000000)
  eden space 5120K, 100% used [0x00000000d5580000,0x00000000d5a80000,0x00000000d5a80000)
  from space 512K, 31% used [0x00000000d5c00000,0x00000000d5c28000,0x00000000d5c80000)
  to   space 512K, 0% used [0x00000000d5c80000,0x00000000d5c80000,0x00000000d5d00000)
 ParOldGen       total 101376K, used 75210K [0x0000000080000000, 0x0000000086300000, 0x00000000d5580000)
  object space 101376K, 74% used [0x0000000080000000,0x0000000084972820,0x0000000086300000)
 Metaspace       used 61115K, committed 62528K, reserved 1114112K
  class space    used 6473K, committed 7040K, reserved 1048576K
}
Event: 1498.386 GC heap after
{Heap after GC invocations=205 (full 3):
 PSYoungGen      total 5632K, used 192K [0x00000000d5580000, 0x00000000d5d00000, 0x0000000100000000)
  eden space 5120K, 0% used [0x00000000d5580000,0x00000000d5580000,0x00000000d5a80000)
  from space 512K, 37% used [0x00000000d5c80000,0x00000000d5cb0000,0x00000000d5d00000)
  to   space 512K, 0% used [0x00000000d5c00000,0x00000000d5c00000,0x00000000d5c80000)
 ParOldGen       total 101376K, used 75210K [0x0000000080000000, 0x0000000086300000, 0x00000000d5580000)
  object space 101376K, 74% used [0x0000000080000000,0x0000000084972820,0x0000000086300000)
 Metaspace       used 61115K, committed 62528K, reserved 1114112K
  class space    used 6473K, committed 7040K, reserved 1048576K
}
Event: 1498.565 GC heap before
{Heap before GC invocations=206 (full 3):
 PSYoungGen      total 5632K, used 5312K [0x00000000d5580000, 0x00000000d5d00000, 0x0000000100000000)
  eden space 5120K, 100% used [0x00000000d5580000,0x00000000d5a80000,0x00000000d5a80000)
  from space 512K, 37% used [0x00000000d5c80000,0x00000000d5cb0000,0x00000000d5d00000)
  to   space 512K, 0% used [0x00000000d5c00000,0x00000000d5c00000,0x00000000d5c80000)
 ParOldGen       total 101376K, used 75210K [0x0000000080000000, 0x0000000086300000, 0x00000000d5580000)
  object space 101376K, 74% used [0x0000000080000000,0x0000000084972820,0x0000000086300000)
 Metaspace       used 61115K, committed 62528K, reserved 1114112K
  class space    used 6473K, committed 7040K, reserved 1048576K
}
Event: 1498.565 GC heap after
{Heap after GC invocations=206 (full 3):
 PSYoungGen      total 5632K, used 160K [0x00000000d5580000, 0x00000000d5d00000, 0x0000000100000000)
  eden space 5120K, 0% used [0x00000000d5580000,0x00000000d5580000,0x00000000d5a80000)
  from space 512K, 31% used [0x00000000d5c00000,0x00000000d5c28000,0x00000000d5c80000)
  to   space 512K, 0% used [0x00000000d5c80000,0x00000000d5c80000,0x00000000d5d00000)
 ParOldGen       total 101376K, used 75210K [0x0000000080000000, 0x0000000086300000, 0x00000000d5580000)
  object space 101376K, 74% used [0x0000000080000000,0x0000000084972820,0x0000000086300000)
 Metaspace       used 61115K, committed 62528K, reserved 1114112K
  class space    used 6473K, committed 7040K, reserved 1048576K
}
Event: 1498.647 GC heap before
{Heap before GC invocations=207 (full 3):
 PSYoungGen      total 5632K, used 5280K [0x00000000d5580000, 0x00000000d5d00000, 0x0000000100000000)
  eden space 5120K, 100% used [0x00000000d5580000,0x00000000d5a80000,0x00000000d5a80000)
  from space 512K, 31% used [0x00000000d5c00000,0x00000000d5c28000,0x00000000d5c80000)
  to   space 512K, 0% used [0x00000000d5c80000,0x00000000d5c80000,0x00000000d5d00000)
 ParOldGen       total 101376K, used 75210K [0x0000000080000000, 0x0000000086300000, 0x00000000d5580000)
  object space 101376K, 74% used [0x0000000080000000,0x0000000084972820,0x0000000086300000)
 Metaspace       used 61115K, committed 62528K, reserved 1114112K
  class space    used 6473K, committed 7040K, reserved 1048576K
}
Event: 1498.647 GC heap after
{Heap after GC invocations=207 (full 3):
 PSYoungGen      total 5632K, used 160K [0x00000000d5580000, 0x00000000d5d00000, 0x0000000100000000)
  eden space 5120K, 0% used [0x00000000d5580000,0x00000000d5580000,0x00000000d5a80000)
  from space 512K, 31% used [0x00000000d5c80000,0x00000000d5ca8000,0x00000000d5d00000)
  to   space 512K, 0% used [0x00000000d5c00000,0x00000000d5c00000,0x00000000d5c80000)
 ParOldGen       total 101376K, used 75210K [0x0000000080000000, 0x0000000086300000, 0x00000000d5580000)
  object space 101376K, 74% used [0x0000000080000000,0x0000000084972820,0x0000000086300000)
 Metaspace       used 61115K, committed 62528K, reserved 1114112K
  class space    used 6473K, committed 7040K, reserved 1048576K
}
Event: 1498.763 GC heap before
{Heap before GC invocations=208 (full 3):
 PSYoungGen      total 5632K, used 5280K [0x00000000d5580000, 0x00000000d5d00000, 0x0000000100000000)
  eden space 5120K, 100% used [0x00000000d5580000,0x00000000d5a80000,0x00000000d5a80000)
  from space 512K, 31% used [0x00000000d5c80000,0x00000000d5ca8000,0x00000000d5d00000)
  to   space 512K, 0% used [0x00000000d5c00000,0x00000000d5c00000,0x00000000d5c80000)
 ParOldGen       total 101376K, used 75210K [0x0000000080000000, 0x0000000086300000, 0x00000000d5580000)
  object space 101376K, 74% used [0x0000000080000000,0x0000000084972820,0x0000000086300000)
 Metaspace       used 61115K, committed 62528K, reserved 1114112K
  class space    used 6473K, committed 7040K, reserved 1048576K
}
Event: 1498.764 GC heap after
{Heap after GC invocations=208 (full 3):
 PSYoungGen      total 5632K, used 256K [0x00000000d5580000, 0x00000000d5d00000, 0x0000000100000000)
  eden space 5120K, 0% used [0x00000000d5580000,0x00000000d5580000,0x00000000d5a80000)
  from space 512K, 50% used [0x00000000d5c00000,0x00000000d5c40000,0x00000000d5c80000)
  to   space 512K, 0% used [0x00000000d5c80000,0x00000000d5c80000,0x00000000d5d00000)
 ParOldGen       total 101376K, used 75210K [0x0000000080000000, 0x0000000086300000, 0x00000000d5580000)
  object space 101376K, 74% used [0x0000000080000000,0x0000000084972820,0x0000000086300000)
 Metaspace       used 61115K, committed 62528K, reserved 1114112K
  class space    used 6473K, committed 7040K, reserved 1048576K
}
Event: 1498.949 GC heap before
{Heap before GC invocations=209 (full 3):
 PSYoungGen      total 5632K, used 5376K [0x00000000d5580000, 0x00000000d5d00000, 0x0000000100000000)
  eden space 5120K, 100% used [0x00000000d5580000,0x00000000d5a80000,0x00000000d5a80000)
  from space 512K, 50% used [0x00000000d5c00000,0x00000000d5c40000,0x00000000d5c80000)
  to   space 512K, 0% used [0x00000000d5c80000,0x00000000d5c80000,0x00000000d5d00000)
 ParOldGen       total 101376K, used 75210K [0x0000000080000000, 0x0000000086300000, 0x00000000d5580000)
  object space 101376K, 74% used [0x0000000080000000,0x0000000084972820,0x0000000086300000)
 Metaspace       used 61115K, committed 62528K, reserved 1114112K
  class space    used 6473K, committed 7040K, reserved 1048576K
}
Event: 1498.950 GC heap after
{Heap after GC invocations=209 (full 3):
 PSYoungGen      total 5632K, used 192K [0x00000000d5580000, 0x00000000d5d00000, 0x0000000100000000)
  eden space 5120K, 0% used [0x00000000d5580000,0x00000000d5580000,0x00000000d5a80000)
  from space 512K, 37% used [0x00000000d5c80000,0x00000000d5cb0000,0x00000000d5d00000)
  to   space 512K, 0% used [0x00000000d5c00000,0x00000000d5c00000,0x00000000d5c80000)
 ParOldGen       total 101376K, used 75210K [0x0000000080000000, 0x0000000086300000, 0x00000000d5580000)
  object space 101376K, 74% used [0x0000000080000000,0x0000000084972820,0x0000000086300000)
 Metaspace       used 61115K, committed 62528K, reserved 1114112K
  class space    used 6473K, committed 7040K, reserved 1048576K
}
Event: 1499.127 GC heap before
{Heap before GC invocations=210 (full 3):
 PSYoungGen      total 5632K, used 5312K [0x00000000d5580000, 0x00000000d5d00000, 0x0000000100000000)
  eden space 5120K, 100% used [0x00000000d5580000,0x00000000d5a80000,0x00000000d5a80000)
  from space 512K, 37% used [0x00000000d5c80000,0x00000000d5cb0000,0x00000000d5d00000)
  to   space 512K, 0% used [0x00000000d5c00000,0x00000000d5c00000,0x00000000d5c80000)
 ParOldGen       total 101376K, used 75210K [0x0000000080000000, 0x0000000086300000, 0x00000000d5580000)
  object space 101376K, 74% used [0x0000000080000000,0x0000000084972820,0x0000000086300000)
 Metaspace       used 61115K, committed 62528K, reserved 1114112K
  class space    used 6473K, committed 7040K, reserved 1048576K
}
Event: 1499.128 GC heap after
{Heap after GC invocations=210 (full 3):
 PSYoungGen      total 5632K, used 160K [0x00000000d5580000, 0x00000000d5d00000, 0x0000000100000000)
  eden space 5120K, 0% used [0x00000000d5580000,0x00000000d5580000,0x00000000d5a80000)
  from space 512K, 31% used [0x00000000d5c00000,0x00000000d5c28000,0x00000000d5c80000)
  to   space 512K, 0% used [0x00000000d5c80000,0x00000000d5c80000,0x00000000d5d00000)
 ParOldGen       total 101376K, used 75210K [0x0000000080000000, 0x0000000086300000, 0x00000000d5580000)
  object space 101376K, 74% used [0x0000000080000000,0x0000000084972820,0x0000000086300000)
 Metaspace       used 61115K, committed 62528K, reserved 1114112K
  class space    used 6473K, committed 7040K, reserved 1048576K
}
Event: 1499.346 GC heap before
{Heap before GC invocations=211 (full 3):
 PSYoungGen      total 5632K, used 5280K [0x00000000d5580000, 0x00000000d5d00000, 0x0000000100000000)
  eden space 5120K, 100% used [0x00000000d5580000,0x00000000d5a80000,0x00000000d5a80000)
  from space 512K, 31% used [0x00000000d5c00000,0x00000000d5c28000,0x00000000d5c80000)
  to   space 512K, 0% used [0x00000000d5c80000,0x00000000d5c80000,0x00000000d5d00000)
 ParOldGen       total 101376K, used 75210K [0x0000000080000000, 0x0000000086300000, 0x00000000d5580000)
  object space 101376K, 74% used [0x0000000080000000,0x0000000084972820,0x0000000086300000)
 Metaspace       used 61115K, committed 62528K, reserved 1114112K
  class space    used 6473K, committed 7040K, reserved 1048576K
}
Event: 1499.347 GC heap after
{Heap after GC invocations=211 (full 3):
 PSYoungGen      total 5632K, used 224K [0x00000000d5580000, 0x00000000d5d00000, 0x0000000100000000)
  eden space 5120K, 0% used [0x00000000d5580000,0x00000000d5580000,0x00000000d5a80000)
  from space 512K, 43% used [0x00000000d5c80000,0x00000000d5cb8000,0x00000000d5d00000)
  to   space 512K, 0% used [0x00000000d5c00000,0x00000000d5c00000,0x00000000d5c80000)
 ParOldGen       total 101376K, used 75210K [0x0000000080000000, 0x0000000086300000, 0x00000000d5580000)
  object space 101376K, 74% used [0x0000000080000000,0x0000000084972820,0x0000000086300000)
 Metaspace       used 61115K, committed 62528K, reserved 1114112K
  class space    used 6473K, committed 7040K, reserved 1048576K
}
Event: 1499.574 GC heap before
{Heap before GC invocations=212 (full 3):
 PSYoungGen      total 5632K, used 5344K [0x00000000d5580000, 0x00000000d5d00000, 0x0000000100000000)
  eden space 5120K, 100% used [0x00000000d5580000,0x00000000d5a80000,0x00000000d5a80000)
  from space 512K, 43% used [0x00000000d5c80000,0x00000000d5cb8000,0x00000000d5d00000)
  to   space 512K, 0% used [0x00000000d5c00000,0x00000000d5c00000,0x00000000d5c80000)
 ParOldGen       total 101376K, used 75210K [0x0000000080000000, 0x0000000086300000, 0x00000000d5580000)
  object space 101376K, 74% used [0x0000000080000000,0x0000000084972820,0x0000000086300000)
 Metaspace       used 61115K, committed 62528K, reserved 1114112K
  class space    used 6473K, committed 7040K, reserved 1048576K
}
Event: 1499.575 GC heap after
{Heap after GC invocations=212 (full 3):
 PSYoungGen      total 5632K, used 192K [0x00000000d5580000, 0x00000000d5d00000, 0x0000000100000000)
  eden space 5120K, 0% used [0x00000000d5580000,0x00000000d5580000,0x00000000d5a80000)
  from space 512K, 37% used [0x00000000d5c00000,0x00000000d5c30000,0x00000000d5c80000)
  to   space 512K, 0% used [0x00000000d5c80000,0x00000000d5c80000,0x00000000d5d00000)
 ParOldGen       total 101376K, used 75210K [0x0000000080000000, 0x0000000086300000, 0x00000000d5580000)
  object space 101376K, 74% used [0x0000000080000000,0x0000000084972820,0x0000000086300000)
 Metaspace       used 61115K, committed 62528K, reserved 1114112K
  class space    used 6473K, committed 7040K, reserved 1048576K
}
Event: 2392.707 GC heap before
{Heap before GC invocations=213 (full 3):
 PSYoungGen      total 5632K, used 5312K [0x00000000d5580000, 0x00000000d5d00000, 0x0000000100000000)
  eden space 5120K, 100% used [0x00000000d5580000,0x00000000d5a80000,0x00000000d5a80000)
  from space 512K, 37% used [0x00000000d5c00000,0x00000000d5c30000,0x00000000d5c80000)
  to   space 512K, 0% used [0x00000000d5c80000,0x00000000d5c80000,0x00000000d5d00000)
 ParOldGen       total 101376K, used 75210K [0x0000000080000000, 0x0000000086300000, 0x00000000d5580000)
  object space 101376K, 74% used [0x0000000080000000,0x0000000084972820,0x0000000086300000)
 Metaspace       used 61359K, committed 62720K, reserved 1114112K
  class space    used 6503K, committed 7040K, reserved 1048576K
}
Event: 2392.710 GC heap after
{Heap after GC invocations=213 (full 3):
 PSYoungGen      total 5632K, used 288K [0x00000000d5580000, 0x00000000d5d00000, 0x0000000100000000)
  eden space 5120K, 0% used [0x00000000d5580000,0x00000000d5580000,0x00000000d5a80000)
  from space 512K, 56% used [0x00000000d5c80000,0x00000000d5cc8000,0x00000000d5d00000)
  to   space 512K, 0% used [0x00000000d5c00000,0x00000000d5c00000,0x00000000d5c80000)
 ParOldGen       total 101376K, used 75218K [0x0000000080000000, 0x0000000086300000, 0x00000000d5580000)
  object space 101376K, 74% used [0x0000000080000000,0x0000000084974820,0x0000000086300000)
 Metaspace       used 61359K, committed 62720K, reserved 1114112K
  class space    used 6503K, committed 7040K, reserved 1048576K
}
Event: 2395.134 GC heap before
{Heap before GC invocations=214 (full 3):
 PSYoungGen      total 5632K, used 5407K [0x00000000d5580000, 0x00000000d5d00000, 0x0000000100000000)
  eden space 5120K, 99% used [0x00000000d5580000,0x00000000d5a7fde8,0x00000000d5a80000)
  from space 512K, 56% used [0x00000000d5c80000,0x00000000d5cc8000,0x00000000d5d00000)
  to   space 512K, 0% used [0x00000000d5c00000,0x00000000d5c00000,0x00000000d5c80000)
 ParOldGen       total 101376K, used 75218K [0x0000000080000000, 0x0000000086300000, 0x00000000d5580000)
  object space 101376K, 74% used [0x0000000080000000,0x0000000084974820,0x0000000086300000)
 Metaspace       used 61944K, committed 63360K, reserved 1114112K
  class space    used 6560K, committed 7104K, reserved 1048576K
}
Event: 2395.135 GC heap after
{Heap after GC invocations=214 (full 3):
 PSYoungGen      total 5632K, used 512K [0x00000000d5580000, 0x00000000d5d00000, 0x0000000100000000)
  eden space 5120K, 0% used [0x00000000d5580000,0x00000000d5580000,0x00000000d5a80000)
  from space 512K, 100% used [0x00000000d5c00000,0x00000000d5c80000,0x00000000d5c80000)
  to   space 512K, 0% used [0x00000000d5c80000,0x00000000d5c80000,0x00000000d5d00000)
 ParOldGen       total 101376K, used 75354K [0x0000000080000000, 0x0000000086300000, 0x00000000d5580000)
  object space 101376K, 74% used [0x0000000080000000,0x00000000849969d0,0x0000000086300000)
 Metaspace       used 61944K, committed 63360K, reserved 1114112K
  class space    used 6560K, committed 7104K, reserved 1048576K
}

